2021-07-17 19:30:16 INFO  Hook:38 - Log4j Configured
2021-07-17 19:30:16 INFO  MainPageHeaderTabsPage:27 - carPage Constructor initialized
2021-07-17 19:30:17 INFO  MainPageHeaderTabsPage:40 - clicked on: English tab
2021-07-17 19:30:17 INFO  MainPageHeaderTabsPage:46 - window: Display settings
You can only access your trip information and Expedia Rewards points from the Expedia site you booked on.
Region
United States
United Kingdom
Canada
Germany
Italy
Spain
Netherlands
Mexico
Singapore
Malaysia
South Korea
Thailand
Hong Kong SAR
France
Australia
India
Japan
New Zealand
Indonesia
Taiwan
Ireland
Belgium
Sweden
Norway
Denmark
Philippines
Brazil
Argentina
Vietnam
Switzerland
Finland
Euro
United Arab Emirates
Saudi Arabia
Peru
Chile
Colombia
Egypt
Costa Rica
China
Austria
Language
English
Español
简体中文
Currency
AED د.إ
ARS $
CLP $
CNY ¥
COP $
EGP £
ISK kr
MXN $
PEN S/.
SAR ﷼
USD $
ZAR R
Save tab is displayed
2021-07-17 19:30:17 INFO  Hook:46 - After SCENARIO
2021-07-17 19:30:19 TRACE WebSocket08FrameEncoder:130 - Encoding WebSocket Frame opCode=8 length=26
