2021-07-17 00:46:56 INFO  Hook:38 - Log4j Configured
2021-07-17 00:46:56 INFO  AllHeaderNavTabsPage:30 - AllHeaderNavTabsPage Constructor initialized
2021-07-17 00:46:57 INFO  AllHeaderNavTabsPage:61 - clicked URL: https://www.expedia.com/Hotels
2021-07-17 00:46:57 INFO  AllHeaderNavTabsPage:61 - clicked URL: https://www.expedia.com/Hotels
2021-07-17 00:46:57 INFO  AllHeaderNavTabsPage:61 - clicked URL: https://www.expedia.com/Hotels
2021-07-17 00:46:58 INFO  AllHeaderNavTabsPage:61 - clicked URL: https://www.expedia.com/Hotels
2021-07-17 00:46:58 INFO  AllHeaderNavTabsPage:61 - clicked URL: https://www.expedia.com/Hotels
2021-07-17 00:46:58 INFO  AllHeaderNavTabsPage:61 - clicked URL: https://www.expedia.com/Hotels
2021-07-17 00:46:58 INFO  AllHeaderNavTabsPage:61 - clicked URL: https://www.expedia.com/Hotels
2021-07-17 00:46:58 INFO  AllHeaderNavTabsPage:61 - clicked URL: https://www.expedia.com/Hotels
2021-07-17 00:46:58 INFO  AllHeaderNavTabsPage:61 - clicked URL: https://www.expedia.com/Hotels
2021-07-17 00:46:58 INFO  AllHeaderNavTabsPage:61 - clicked URL: https://www.expedia.com/Hotels
2021-07-17 00:46:58 INFO  AllHeaderNavTabsPage:61 - clicked URL: https://www.expedia.com/Hotels
2021-07-17 00:46:58 INFO  AllHeaderNavTabsPage:61 - clicked URL: https://www.expedia.com/Hotels
2021-07-17 00:46:58 INFO  AllHeaderNavTabsPage:61 - clicked URL: https://www.expedia.com/Hotels
2021-07-17 00:46:58 INFO  AllHeaderNavTabsPage:61 - clicked URL: https://www.expedia.com/Hotels
2021-07-17 00:46:59 INFO  AllHeaderNavTabsPage:61 - clicked URL: https://www.expedia.com/Hotels
2021-07-17 00:46:59 INFO  AllHeaderNavTabsPage:61 - clicked URL: https://www.expedia.com/Hotels
2021-07-17 00:46:59 INFO  AllHeaderNavTabsPage:61 - clicked URL: https://www.expedia.com/Hotels
2021-07-17 00:46:59 INFO  AllHeaderNavTabsPage:61 - clicked URL: https://www.expedia.com/Hotels
2021-07-17 00:46:59 INFO  AllHeaderNavTabsPage:61 - clicked URL: https://www.expedia.com/Hotels
2021-07-17 00:46:59 INFO  AllHeaderNavTabsPage:61 - clicked URL: https://www.expedia.com/Hotels
2021-07-17 00:46:59 INFO  AllHeaderNavTabsPage:61 - clicked URL: https://www.expedia.com/Hotels
2021-07-17 00:46:59 INFO  AllHeaderNavTabsPage:61 - clicked URL: https://www.expedia.com/Hotels
2021-07-17 00:46:59 INFO  AllHeaderNavTabsPage:61 - clicked URL: https://www.expedia.com/Hotels
2021-07-17 00:46:59 INFO  AllHeaderNavTabsPage:61 - clicked URL: https://www.expedia.com/Hotels
2021-07-17 00:46:59 INFO  AllHeaderNavTabsPage:61 - clicked URL: https://www.expedia.com/Hotels
2021-07-17 00:46:59 INFO  AllHeaderNavTabsPage:61 - clicked URL: https://www.expedia.com/Hotels
2021-07-17 00:46:59 INFO  AllHeaderNavTabsPage:61 - clicked URL: https://www.expedia.com/Hotels
2021-07-17 00:46:59 INFO  AllHeaderNavTabsPage:61 - clicked URL: https://www.expedia.com/Hotels
2021-07-17 00:46:59 INFO  AllHeaderNavTabsPage:61 - clicked URL: https://www.expedia.com/Hotels
2021-07-17 00:47:00 INFO  AllHeaderNavTabsPage:61 - clicked URL: https://www.expedia.com/Hotels
2021-07-17 00:47:00 INFO  AllHeaderNavTabsPage:61 - clicked URL: https://www.expedia.com/Hotels
2021-07-17 00:47:00 INFO  AllHeaderNavTabsPage:61 - clicked URL: https://www.expedia.com/Hotels
2021-07-17 00:47:00 INFO  AllHeaderNavTabsPage:61 - clicked URL: https://www.expedia.com/Hotels
2021-07-17 00:47:00 INFO  AllHeaderNavTabsPage:61 - clicked URL: https://www.expedia.com/Hotels
2021-07-17 00:47:00 INFO  AllHeaderNavTabsPage:61 - clicked URL: https://www.expedia.com/Hotels
2021-07-17 00:47:00 INFO  AllHeaderNavTabsPage:61 - clicked URL: https://www.expedia.com/Hotels
2021-07-17 00:47:00 INFO  AllHeaderNavTabsPage:61 - clicked URL: https://www.expedia.com/Hotels
2021-07-17 00:47:00 INFO  AllHeaderNavTabsPage:61 - clicked URL: https://www.expedia.com/Hotels
2021-07-17 00:47:00 INFO  AllHeaderNavTabsPage:61 - clicked URL: https://www.expedia.com/Hotels
2021-07-17 00:47:00 INFO  AllHeaderNavTabsPage:61 - clicked URL: https://www.expedia.com/Hotels
2021-07-17 00:47:00 INFO  AllHeaderNavTabsPage:61 - clicked URL: https://www.expedia.com/Hotels
2021-07-17 00:47:00 INFO  AllHeaderNavTabsPage:61 - clicked URL: https://www.expedia.com/Hotels
2021-07-17 00:47:00 INFO  AllHeaderNavTabsPage:61 - clicked URL: https://www.expedia.com/Hotels
2021-07-17 00:47:00 INFO  AllHeaderNavTabsPage:61 - clicked URL: https://www.expedia.com/Hotels
2021-07-17 00:47:00 INFO  AllHeaderNavTabsPage:61 - clicked URL: https://www.expedia.com/Hotels
2021-07-17 00:47:00 INFO  AllHeaderNavTabsPage:61 - clicked URL: https://www.expedia.com/Hotels
2021-07-17 00:47:01 INFO  AllHeaderNavTabsPage:61 - clicked URL: https://www.expedia.com/Hotels
2021-07-17 00:47:01 INFO  AllHeaderNavTabsPage:61 - clicked URL: https://www.expedia.com/Hotels
2021-07-17 00:47:01 INFO  AllHeaderNavTabsPage:61 - clicked URL: https://www.expedia.com/Hotels
2021-07-17 00:47:01 INFO  AllHeaderNavTabsPage:61 - clicked URL: https://www.expedia.com/Flights
2021-07-17 00:47:01 INFO  AllHeaderNavTabsPage:61 - clicked URL: https://www.expedia.com/Flights
2021-07-17 00:47:01 INFO  AllHeaderNavTabsPage:61 - clicked URL: https://www.expedia.com/Flights
2021-07-17 00:47:01 INFO  AllHeaderNavTabsPage:61 - clicked URL: https://www.expedia.com/Flights
2021-07-17 00:47:01 INFO  AllHeaderNavTabsPage:61 - clicked URL: https://www.expedia.com/Flights
2021-07-17 00:47:01 INFO  AllHeaderNavTabsPage:61 - clicked URL: https://www.expedia.com/Flights
2021-07-17 00:47:01 INFO  AllHeaderNavTabsPage:61 - clicked URL: https://www.expedia.com/Flights
2021-07-17 00:47:01 INFO  AllHeaderNavTabsPage:61 - clicked URL: https://www.expedia.com/Flights
2021-07-17 00:47:01 INFO  AllHeaderNavTabsPage:61 - clicked URL: https://www.expedia.com/Flights
2021-07-17 00:47:01 INFO  AllHeaderNavTabsPage:61 - clicked URL: https://www.expedia.com/Flights
2021-07-17 00:47:01 INFO  AllHeaderNavTabsPage:61 - clicked URL: https://www.expedia.com/Flights
2021-07-17 00:47:01 INFO  AllHeaderNavTabsPage:61 - clicked URL: https://www.expedia.com/Flights
2021-07-17 00:47:01 INFO  AllHeaderNavTabsPage:61 - clicked URL: https://www.expedia.com/Flights
2021-07-17 00:47:01 INFO  AllHeaderNavTabsPage:61 - clicked URL: https://www.expedia.com/Flights
2021-07-17 00:47:02 INFO  AllHeaderNavTabsPage:61 - clicked URL: https://www.expedia.com/Flights
2021-07-17 00:47:02 INFO  AllHeaderNavTabsPage:61 - clicked URL: https://www.expedia.com/Flights
2021-07-17 00:47:02 INFO  AllHeaderNavTabsPage:61 - clicked URL: https://www.expedia.com/Flights
2021-07-17 00:47:02 INFO  AllHeaderNavTabsPage:61 - clicked URL: https://www.expedia.com/Flights
2021-07-17 00:47:02 INFO  AllHeaderNavTabsPage:61 - clicked URL: https://www.expedia.com/Flights
2021-07-17 00:47:02 INFO  AllHeaderNavTabsPage:61 - clicked URL: https://www.expedia.com/Flights
2021-07-17 00:47:02 INFO  AllHeaderNavTabsPage:61 - clicked URL: https://www.expedia.com/Flights
2021-07-17 00:47:02 INFO  AllHeaderNavTabsPage:61 - clicked URL: https://www.expedia.com/Flights
2021-07-17 00:47:02 INFO  AllHeaderNavTabsPage:61 - clicked URL: https://www.expedia.com/Flights
2021-07-17 00:47:02 INFO  AllHeaderNavTabsPage:61 - clicked URL: https://www.expedia.com/Flights
2021-07-17 00:47:02 INFO  AllHeaderNavTabsPage:61 - clicked URL: https://www.expedia.com/Flights
2021-07-17 00:47:02 INFO  AllHeaderNavTabsPage:61 - clicked URL: https://www.expedia.com/Flights
2021-07-17 00:47:02 INFO  AllHeaderNavTabsPage:61 - clicked URL: https://www.expedia.com/Flights
2021-07-17 00:47:02 INFO  AllHeaderNavTabsPage:61 - clicked URL: https://www.expedia.com/Flights
2021-07-17 00:47:02 INFO  AllHeaderNavTabsPage:61 - clicked URL: https://www.expedia.com/Flights
2021-07-17 00:47:02 INFO  AllHeaderNavTabsPage:61 - clicked URL: https://www.expedia.com/Flights
2021-07-17 00:47:02 INFO  AllHeaderNavTabsPage:61 - clicked URL: https://www.expedia.com/Flights
2021-07-17 00:47:02 INFO  AllHeaderNavTabsPage:61 - clicked URL: https://www.expedia.com/Flights
2021-07-17 00:47:02 INFO  AllHeaderNavTabsPage:61 - clicked URL: https://www.expedia.com/Flights
2021-07-17 00:47:02 INFO  AllHeaderNavTabsPage:61 - clicked URL: https://www.expedia.com/Flights
2021-07-17 00:47:03 INFO  AllHeaderNavTabsPage:61 - clicked URL: https://www.expedia.com/Flights
2021-07-17 00:47:03 INFO  AllHeaderNavTabsPage:61 - clicked URL: https://www.expedia.com/Flights
2021-07-17 00:47:03 INFO  AllHeaderNavTabsPage:61 - clicked URL: https://www.expedia.com/Flights
2021-07-17 00:47:03 INFO  AllHeaderNavTabsPage:61 - clicked URL: https://www.expedia.com/Flights
2021-07-17 00:47:03 INFO  AllHeaderNavTabsPage:61 - clicked URL: https://www.expedia.com/Flights
2021-07-17 00:47:03 INFO  AllHeaderNavTabsPage:61 - clicked URL: https://www.expedia.com/Flights
2021-07-17 00:47:03 INFO  AllHeaderNavTabsPage:61 - clicked URL: https://www.expedia.com/Flights
2021-07-17 00:47:03 INFO  AllHeaderNavTabsPage:61 - clicked URL: https://www.expedia.com/Flights
2021-07-17 00:47:03 INFO  AllHeaderNavTabsPage:61 - clicked URL: https://www.expedia.com/Flights
2021-07-17 00:47:03 INFO  AllHeaderNavTabsPage:61 - clicked URL: https://www.expedia.com/Flights
2021-07-17 00:47:03 INFO  AllHeaderNavTabsPage:61 - clicked URL: https://www.expedia.com/Flights
2021-07-17 00:47:03 INFO  AllHeaderNavTabsPage:61 - clicked URL: https://www.expedia.com/Flights
2021-07-17 00:47:03 INFO  AllHeaderNavTabsPage:61 - clicked URL: https://www.expedia.com/Flights
2021-07-17 00:47:03 INFO  AllHeaderNavTabsPage:61 - clicked URL: https://www.expedia.com/Flights
2021-07-17 00:47:03 INFO  AllHeaderNavTabsPage:61 - clicked URL: https://www.expedia.com/Flights
2021-07-17 00:47:03 INFO  Hook:46 - After SCENARIO
2021-07-17 00:47:05 TRACE WebSocket08FrameEncoder:130 - Encoding WebSocket Frame opCode=8 length=26
